{
"contracts/CatRescue.sol":{"l":{"13":6,"14":6,"37":14,"38":14,"42":8,"44":6,"55":6,"56":4,"58":4,"59":4,"60":4,"61":4,"62":4,"63":4,"64":4,"65":4,"69":3,"70":3,"72":1,"73":1,"74":1,"75":1,"79":2,"83":2,"87":3,"88":1,"89":1,"93":1,"97":3,"98":3},"path":"/Users/gabrielakadzielawa/Desktop/CatRescue copy/DApp-CatRescue-Project/contracts/CatRescue.sol","s":{"1":6,"2":14,"3":14,"4":8,"5":6,"6":6,"7":4,"8":4,"9":4,"10":4,"11":4,"12":4,"13":4,"14":4,"15":3,"16":3,"17":1,"18":1,"19":1,"20":2,"21":2,"22":3,"23":1,"24":1,"25":1,"26":3,"27":3},"b":{"1":[6,0],"2":[6,2],"3":[4,2],"4":[4,0],"5":[1,2],"6":[1,2]},"f":{"1":6,"2":14,"3":8,"4":6,"5":3,"6":2,"7":2,"8":3,"9":1,"10":3},"fnMap":{"1":{"name":"isAllowed","line":12,"loc":{"start":{"line":12,"column":4},"end":{"line":15,"column":4}}},"2":{"name":"constructor","line":36,"loc":{"start":{"line":36,"column":4},"end":{"line":39,"column":4}}},"3":{"name":"add","line":41,"loc":{"start":{"line":41,"column":4},"end":{"line":52,"column":4}}},"4":{"name":"adopt","line":54,"loc":{"start":{"line":54,"column":4},"end":{"line":66,"column":4}}},"5":{"name":"returnCatToShelter","line":68,"loc":{"start":{"line":68,"column":4},"end":{"line":76,"column":4}}},"6":{"name":"donate","line":78,"loc":{"start":{"line":78,"column":4},"end":{"line":80,"column":4}}},"7":{"name":"getDonationBalance","line":82,"loc":{"start":{"line":82,"column":4},"end":{"line":84,"column":4}}},"8":{"name":"withdrawDonations","line":86,"loc":{"start":{"line":86,"column":4},"end":{"line":90,"column":4}}},"9":{"name":"getCatsCount","line":92,"loc":{"start":{"line":92,"column":4},"end":{"line":94,"column":4}}},"10":{"name":"getCat","line":96,"loc":{"start":{"line":96,"column":4},"end":{"line":99,"column":4}}}},"statementMap":{"1":{"start":{"line":13,"column":8},"end":{"line":13,"column":91}},"2":{"start":{"line":37,"column":8},"end":{"line":37,"column":34}},"3":{"start":{"line":38,"column":8},"end":{"line":38,"column":30}},"4":{"start":{"line":42,"column":8},"end":{"line":42,"column":78}},"5":{"start":{"line":44,"column":8},"end":{"line":44,"column":1218}},"6":{"start":{"line":55,"column":8},"end":{"line":55,"column":64}},"7":{"start":{"line":56,"column":8},"end":{"line":56,"column":166}},"8":{"start":{"line":58,"column":8},"end":{"line":58,"column":50}},"9":{"start":{"line":59,"column":8},"end":{"line":59,"column":44}},"10":{"start":{"line":60,"column":8},"end":{"line":60,"column":46}},"11":{"start":{"line":61,"column":8},"end":{"line":61,"column":44}},"12":{"start":{"line":62,"column":8},"end":{"line":62,"column":38}},"13":{"start":{"line":63,"column":8},"end":{"line":63,"column":59}},"14":{"start":{"line":65,"column":8},"end":{"line":65,"column":19}},"15":{"start":{"line":69,"column":8},"end":{"line":69,"column":69}},"16":{"start":{"line":70,"column":8},"end":{"line":70,"column":99}},"17":{"start":{"line":72,"column":8},"end":{"line":72,"column":45}},"18":{"start":{"line":73,"column":8},"end":{"line":73,"column":37}},"19":{"start":{"line":75,"column":8},"end":{"line":75,"column":19}},"20":{"start":{"line":79,"column":8},"end":{"line":79,"column":23}},"21":{"start":{"line":83,"column":8},"end":{"line":83,"column":22}},"22":{"start":{"line":87,"column":8},"end":{"line":87,"column":83}},"23":{"start":{"line":88,"column":8},"end":{"line":88,"column":30}},"24":{"start":{"line":89,"column":8},"end":{"line":89,"column":18}},"25":{"start":{"line":93,"column":8},"end":{"line":93,"column":25}},"26":{"start":{"line":97,"column":8},"end":{"line":97,"column":46}},"27":{"start":{"line":98,"column":8},"end":{"line":98,"column":139}}},"branchMap":{"1":{"line":13,"type":"if","locations":[{"start":{"line":13,"column":8},"end":{"line":13,"column":8}},{"start":{"line":13,"column":8},"end":{"line":13,"column":8}}]},"2":{"line":42,"type":"if","locations":[{"start":{"line":42,"column":8},"end":{"line":42,"column":8}},{"start":{"line":42,"column":8},"end":{"line":42,"column":8}}]},"3":{"line":55,"type":"if","locations":[{"start":{"line":55,"column":8},"end":{"line":55,"column":8}},{"start":{"line":55,"column":8},"end":{"line":55,"column":8}}]},"4":{"line":56,"type":"if","locations":[{"start":{"line":56,"column":8},"end":{"line":56,"column":8}},{"start":{"line":56,"column":8},"end":{"line":56,"column":8}}]},"5":{"line":70,"type":"if","locations":[{"start":{"line":70,"column":8},"end":{"line":70,"column":8}},{"start":{"line":70,"column":8},"end":{"line":70,"column":8}}]},"6":{"line":87,"type":"if","locations":[{"start":{"line":87,"column":8},"end":{"line":87,"column":8}},{"start":{"line":87,"column":8},"end":{"line":87,"column":8}}]}}}}
