{
"contracts/CatRescue.sol":{"l":{"13":6,"14":2,"37":3,"38":3,"42":8,"44":6,"55":2,"56":2,"58":2,"59":2,"60":2,"61":2,"62":2,"63":2,"64":2,"65":2,"69":0,"70":0,"72":0,"73":0,"74":0,"75":0,"79":1,"83":2,"87":0,"88":0,"96":1},"path":"/Users/gabrielakadzielawa/Desktop/CatRescue copy/DApp-CatRescue-Project/contracts/CatRescue.sol","s":{"1":6,"2":3,"3":3,"4":8,"5":6,"6":2,"7":2,"8":2,"9":2,"10":2,"11":2,"12":2,"13":2,"14":2,"15":0,"16":0,"17":0,"18":0,"19":0,"20":1,"21":2,"22":0,"23":0,"24":1},"b":{"1":[2,4],"2":[6,2],"3":[2,0],"4":[2,0],"5":[0,0]},"f":{"1":6,"2":3,"3":8,"4":2,"5":0,"6":1,"7":2,"8":0,"9":1},"fnMap":{"1":{"name":"isAllowed","line":12,"loc":{"start":{"line":12,"column":4},"end":{"line":15,"column":4}}},"2":{"name":"constructor","line":36,"loc":{"start":{"line":36,"column":4},"end":{"line":39,"column":4}}},"3":{"name":"add","line":41,"loc":{"start":{"line":41,"column":4},"end":{"line":52,"column":4}}},"4":{"name":"adopt","line":54,"loc":{"start":{"line":54,"column":4},"end":{"line":66,"column":4}}},"5":{"name":"returnCatToShelter","line":68,"loc":{"start":{"line":68,"column":4},"end":{"line":76,"column":4}}},"6":{"name":"donate","line":78,"loc":{"start":{"line":78,"column":4},"end":{"line":80,"column":4}}},"7":{"name":"getCatsCount","line":82,"loc":{"start":{"line":82,"column":4},"end":{"line":84,"column":4}}},"8":{"name":"getCat","line":86,"loc":{"start":{"line":86,"column":4},"end":{"line":89,"column":4}}},"9":{"name":"getDonationBalance","line":95,"loc":{"start":{"line":95,"column":4},"end":{"line":97,"column":4}}}},"statementMap":{"1":{"start":{"line":13,"column":8},"end":{"line":13,"column":91}},"2":{"start":{"line":37,"column":8},"end":{"line":37,"column":34}},"3":{"start":{"line":38,"column":8},"end":{"line":38,"column":30}},"4":{"start":{"line":42,"column":8},"end":{"line":42,"column":78}},"5":{"start":{"line":44,"column":8},"end":{"line":44,"column":1215}},"6":{"start":{"line":55,"column":8},"end":{"line":55,"column":64}},"7":{"start":{"line":56,"column":8},"end":{"line":56,"column":166}},"8":{"start":{"line":58,"column":8},"end":{"line":58,"column":50}},"9":{"start":{"line":59,"column":8},"end":{"line":59,"column":44}},"10":{"start":{"line":60,"column":8},"end":{"line":60,"column":46}},"11":{"start":{"line":61,"column":8},"end":{"line":61,"column":44}},"12":{"start":{"line":62,"column":8},"end":{"line":62,"column":38}},"13":{"start":{"line":63,"column":8},"end":{"line":63,"column":59}},"14":{"start":{"line":65,"column":8},"end":{"line":65,"column":19}},"15":{"start":{"line":69,"column":8},"end":{"line":69,"column":69}},"16":{"start":{"line":70,"column":8},"end":{"line":70,"column":99}},"17":{"start":{"line":72,"column":8},"end":{"line":72,"column":45}},"18":{"start":{"line":73,"column":8},"end":{"line":73,"column":37}},"19":{"start":{"line":75,"column":8},"end":{"line":75,"column":19}},"20":{"start":{"line":79,"column":8},"end":{"line":79,"column":23}},"21":{"start":{"line":83,"column":8},"end":{"line":83,"column":25}},"22":{"start":{"line":87,"column":8},"end":{"line":87,"column":46}},"23":{"start":{"line":88,"column":8},"end":{"line":88,"column":139}},"24":{"start":{"line":96,"column":8},"end":{"line":96,"column":22}}},"branchMap":{"1":{"line":13,"type":"if","locations":[{"start":{"line":13,"column":8},"end":{"line":13,"column":8}},{"start":{"line":13,"column":8},"end":{"line":13,"column":8}}]},"2":{"line":42,"type":"if","locations":[{"start":{"line":42,"column":8},"end":{"line":42,"column":8}},{"start":{"line":42,"column":8},"end":{"line":42,"column":8}}]},"3":{"line":55,"type":"if","locations":[{"start":{"line":55,"column":8},"end":{"line":55,"column":8}},{"start":{"line":55,"column":8},"end":{"line":55,"column":8}}]},"4":{"line":56,"type":"if","locations":[{"start":{"line":56,"column":8},"end":{"line":56,"column":8}},{"start":{"line":56,"column":8},"end":{"line":56,"column":8}}]},"5":{"line":70,"type":"if","locations":[{"start":{"line":70,"column":8},"end":{"line":70,"column":8}},{"start":{"line":70,"column":8},"end":{"line":70,"column":8}}]}}}}
