TN:
SF:/Users/gabrielakadzielawa/Desktop/CatRescue copy/DApp-CatRescue-Project/contracts/CatRescue.sol
FN:12,isAllowed
FN:36,constructor
FN:41,add
FN:54,adopt
FN:68,returnCatToShelter
FN:78,donate
FN:82,getCatsCount
FN:86,getCat
FN:95,getDonationBalance
FNF:9
FNH:7
FNDA:6,isAllowed
FNDA:3,constructor
FNDA:8,add
FNDA:2,adopt
FNDA:0,returnCatToShelter
FNDA:1,donate
FNDA:2,getCatsCount
FNDA:0,getCat
FNDA:1,getDonationBalance
DA:13,6
DA:14,2
DA:37,3
DA:38,3
DA:42,8
DA:44,6
DA:55,2
DA:56,2
DA:58,2
DA:59,2
DA:60,2
DA:61,2
DA:62,2
DA:63,2
DA:64,2
DA:65,2
DA:69,0
DA:70,0
DA:72,0
DA:73,0
DA:74,0
DA:75,0
DA:79,1
DA:83,2
DA:87,0
DA:88,0
DA:96,1
LF:27
LH:19
BRDA:13,1,0,2
BRDA:13,1,1,4
BRDA:42,2,0,6
BRDA:42,2,1,2
BRDA:55,3,0,2
BRDA:55,3,1,0
BRDA:56,4,0,2
BRDA:56,4,1,0
BRDA:70,5,0,0
BRDA:70,5,1,0
BRF:10
BRH:6
end_of_record
