TN:
SF:/Users/gabrielakadzielawa/Desktop/CatRescue copy/DApp-CatRescue-Project/contracts/CatRescue.sol
FN:12,isAllowed
FN:36,constructor
FN:41,add
FN:54,adopt
FN:68,returnCatToShelter
FN:78,donate
FN:82,getDonationBalance
FN:86,withdrawDonations
FN:92,getCatsCount
FN:96,getCat
FNF:10
FNH:10
FNDA:6,isAllowed
FNDA:14,constructor
FNDA:8,add
FNDA:6,adopt
FNDA:3,returnCatToShelter
FNDA:2,donate
FNDA:2,getDonationBalance
FNDA:3,withdrawDonations
FNDA:1,getCatsCount
FNDA:3,getCat
DA:13,6
DA:14,6
DA:37,14
DA:38,14
DA:42,8
DA:44,6
DA:55,6
DA:56,4
DA:58,4
DA:59,4
DA:60,4
DA:61,4
DA:62,4
DA:63,4
DA:64,4
DA:65,4
DA:69,3
DA:70,3
DA:72,1
DA:73,1
DA:74,1
DA:75,1
DA:79,2
DA:83,2
DA:87,3
DA:88,1
DA:89,1
DA:93,1
DA:97,3
DA:98,3
LF:30
LH:30
BRDA:13,1,0,6
BRDA:13,1,1,0
BRDA:42,2,0,6
BRDA:42,2,1,2
BRDA:55,3,0,4
BRDA:55,3,1,2
BRDA:56,4,0,4
BRDA:56,4,1,0
BRDA:70,5,0,1
BRDA:70,5,1,2
BRDA:87,6,0,1
BRDA:87,6,1,2
BRF:12
BRH:10
end_of_record
